---
TIME:2026-04-14 14:48:19
ROOT_OK
GIT_OK
DEPENDENCIAS_OK
API_OFFLINE
STATUS: SISTEMA NAO PRONTO
MUDANCA:TIME:2026-04-14 14:45:33 -> TIME:2026-04-14 14:48:19
POSSIVEL_CAUSA:RENDER_OFFLINE_OU_SLEEP
SUGESTAO:VERIFICAR_RENDER
-----
TIME:2026-04-14 19:39:53
ROOT_OK
GIT_OK
DEPENDENCIAS_OK
FRONTEND_ATIVO
API_OK
ENV_ATIVA
PRIORIDADE:NORMAL
STATUS:SISTEMA_ESTAVEL
-----
TIME:2026-04-14 19:43:00
ROOT_OK
GIT_OK
DEPENDENCIAS_OK
FRONTEND_ATIVO
API_OK
ENV_ATIVA
PRIORIDADE:NORMAL
LEARNING_API_OFFLINE_COUNT:0
STATUS:SISTEMA_ESTAVEL
